mode: atomic
gitlab.education.tbank.ru/backend-academy-go-2025/homeworks/link-tracker/cmd/bot/main.go:16.13,18.16 2 0
gitlab.education.tbank.ru/backend-academy-go-2025/homeworks/link-tracker/cmd/bot/main.go:18.16,20.3 1 0
gitlab.education.tbank.ru/backend-academy-go-2025/homeworks/link-tracker/cmd/bot/main.go:22.2,26.16 3 0
gitlab.education.tbank.ru/backend-academy-go-2025/homeworks/link-tracker/cmd/bot/main.go:26.16,29.3 1 0
gitlab.education.tbank.ru/backend-academy-go-2025/homeworks/link-tracker/cmd/bot/main.go:30.2,35.37 4 0
gitlab.education.tbank.ru/backend-academy-go-2025/homeworks/link-tracker/cmd/bot/main.go:35.37,38.3 1 0
gitlab.education.tbank.ru/backend-academy-go-2025/homeworks/link-tracker/internal/bot/app.go:20.88,30.2 3 0
gitlab.education.tbank.ru/backend-academy-go-2025/homeworks/link-tracker/internal/bot/app.go:33.46,36.54 2 0
gitlab.education.tbank.ru/backend-academy-go-2025/homeworks/link-tracker/internal/bot/app.go:36.54,39.3 1 0
gitlab.education.tbank.ru/backend-academy-go-2025/homeworks/link-tracker/internal/bot/app.go:41.2,43.27 2 0
gitlab.education.tbank.ru/backend-academy-go-2025/homeworks/link-tracker/internal/bot/app.go:43.27,54.10 6 0
gitlab.education.tbank.ru/backend-academy-go-2025/homeworks/link-tracker/internal/bot/app.go:54.10,55.12 1 0
gitlab.education.tbank.ru/backend-academy-go-2025/homeworks/link-tracker/internal/bot/app.go:58.3,63.49 2 0
gitlab.education.tbank.ru/backend-academy-go-2025/homeworks/link-tracker/internal/bot/app.go:63.49,69.4 2 0
gitlab.education.tbank.ru/backend-academy-go-2025/homeworks/link-tracker/internal/bot/app.go:72.2,72.12 1 0
gitlab.education.tbank.ru/backend-academy-go-2025/homeworks/link-tracker/internal/bot/infrastructure/config/config.go:16.41,17.40 1 0
gitlab.education.tbank.ru/backend-academy-go-2025/homeworks/link-tracker/internal/bot/infrastructure/config/config.go:17.40,19.3 1 0
gitlab.education.tbank.ru/backend-academy-go-2025/homeworks/link-tracker/internal/bot/infrastructure/config/config.go:21.2,24.16 3 0
gitlab.education.tbank.ru/backend-academy-go-2025/homeworks/link-tracker/internal/bot/infrastructure/config/config.go:24.16,26.3 1 0
gitlab.education.tbank.ru/backend-academy-go-2025/homeworks/link-tracker/internal/bot/infrastructure/config/config.go:28.2,28.51 1 0
gitlab.education.tbank.ru/backend-academy-go-2025/homeworks/link-tracker/internal/bot/infrastructure/config/config.go:28.51,30.3 1 0
gitlab.education.tbank.ru/backend-academy-go-2025/homeworks/link-tracker/internal/bot/infrastructure/config/config.go:32.2,33.29 2 0
gitlab.education.tbank.ru/backend-academy-go-2025/homeworks/link-tracker/internal/bot/infrastructure/config/config.go:33.29,35.3 1 0
gitlab.education.tbank.ru/backend-academy-go-2025/homeworks/link-tracker/internal/bot/infrastructure/config/config.go:37.2,37.24 1 0
gitlab.education.tbank.ru/backend-academy-go-2025/homeworks/link-tracker/internal/bot/infrastructure/config/config.go:37.24,39.3 1 0
gitlab.education.tbank.ru/backend-academy-go-2025/homeworks/link-tracker/internal/bot/infrastructure/config/config.go:41.2,41.18 1 0
gitlab.education.tbank.ru/backend-academy-go-2025/homeworks/link-tracker/internal/bot/infrastructure/telegram/client.go:19.78,21.16 2 0
gitlab.education.tbank.ru/backend-academy-go-2025/homeworks/link-tracker/internal/bot/infrastructure/telegram/client.go:21.16,23.3 1 0
gitlab.education.tbank.ru/backend-academy-go-2025/homeworks/link-tracker/internal/bot/infrastructure/telegram/client.go:25.2,28.8 1 0
gitlab.education.tbank.ru/backend-academy-go-2025/homeworks/link-tracker/internal/bot/infrastructure/telegram/client.go:38.69,42.25 3 0
gitlab.education.tbank.ru/backend-academy-go-2025/homeworks/link-tracker/internal/bot/infrastructure/telegram/client.go:42.25,47.3 1 0
gitlab.education.tbank.ru/backend-academy-go-2025/homeworks/link-tracker/internal/bot/infrastructure/telegram/client.go:49.2,51.12 3 0
gitlab.education.tbank.ru/backend-academy-go-2025/homeworks/link-tracker/internal/bot/infrastructure/telegram/client.go:55.81,62.15 5 0
gitlab.education.tbank.ru/backend-academy-go-2025/homeworks/link-tracker/internal/bot/infrastructure/telegram/client.go:62.15,66.7 3 0
gitlab.education.tbank.ru/backend-academy-go-2025/homeworks/link-tracker/internal/bot/infrastructure/telegram/client.go:66.7,67.11 1 0
gitlab.education.tbank.ru/backend-academy-go-2025/homeworks/link-tracker/internal/bot/infrastructure/telegram/client.go:68.23,69.11 1 0
gitlab.education.tbank.ru/backend-academy-go-2025/homeworks/link-tracker/internal/bot/infrastructure/telegram/client.go:70.33,71.12 1 0
gitlab.education.tbank.ru/backend-academy-go-2025/homeworks/link-tracker/internal/bot/infrastructure/telegram/client.go:71.12,73.6 1 0
gitlab.education.tbank.ru/backend-academy-go-2025/homeworks/link-tracker/internal/bot/infrastructure/telegram/client.go:75.5,76.12 2 0
gitlab.education.tbank.ru/backend-academy-go-2025/homeworks/link-tracker/internal/bot/infrastructure/telegram/client.go:77.30,77.30 0 0
gitlab.education.tbank.ru/backend-academy-go-2025/homeworks/link-tracker/internal/bot/infrastructure/telegram/client.go:78.23,79.12 1 0
gitlab.education.tbank.ru/backend-academy-go-2025/homeworks/link-tracker/internal/bot/infrastructure/telegram/client.go:85.5,85.21 1 0
gitlab.education.tbank.ru/backend-academy-go-2025/homeworks/link-tracker/internal/bot/infrastructure/telegram/client.go:89.77,90.27 1 0
gitlab.education.tbank.ru/backend-academy-go-2025/homeworks/link-tracker/internal/bot/infrastructure/telegram/client.go:90.27,99.22 3 0
gitlab.education.tbank.ru/backend-academy-go-2025/homeworks/link-tracker/internal/bot/infrastructure/telegram/client.go:99.22,101.4 1 0
gitlab.education.tbank.ru/backend-academy-go-2025/homeworks/link-tracker/internal/bot/infrastructure/telegram/client.go:103.3,103.15 1 0
gitlab.education.tbank.ru/backend-academy-go-2025/homeworks/link-tracker/internal/bot/infrastructure/telegram/client.go:106.2,106.12 1 0
gitlab.education.tbank.ru/backend-academy-go-2025/homeworks/link-tracker/internal/bot/infrastructure/telegram/client.go:110.63,114.2 3 0
gitlab.education.tbank.ru/backend-academy-go-2025/homeworks/link-tracker/internal/bot/infrastructure/logger/logger.go:18.34,19.21 1 0
gitlab.education.tbank.ru/backend-academy-go-2025/homeworks/link-tracker/internal/bot/infrastructure/logger/logger.go:20.44,21.21 1 0
gitlab.education.tbank.ru/backend-academy-go-2025/homeworks/link-tracker/internal/bot/infrastructure/logger/logger.go:22.10,23.17 1 0
gitlab.education.tbank.ru/backend-academy-go-2025/homeworks/link-tracker/internal/bot/infrastructure/logger/logger.go:28.39,29.14 1 0
gitlab.education.tbank.ru/backend-academy-go-2025/homeworks/link-tracker/internal/bot/infrastructure/logger/logger.go:30.19,31.31 1 0
gitlab.education.tbank.ru/backend-academy-go-2025/homeworks/link-tracker/internal/bot/infrastructure/logger/logger.go:32.18,33.30 1 0
gitlab.education.tbank.ru/backend-academy-go-2025/homeworks/link-tracker/internal/bot/infrastructure/logger/logger.go:34.18,35.30 1 0
gitlab.education.tbank.ru/backend-academy-go-2025/homeworks/link-tracker/internal/bot/infrastructure/logger/logger.go:36.19,37.31 1 0
gitlab.education.tbank.ru/backend-academy-go-2025/homeworks/link-tracker/internal/bot/infrastructure/logger/logger.go:38.13,39.30 1 0
gitlab.education.tbank.ru/backend-academy-go-2025/homeworks/link-tracker/internal/bot/infrastructure/logger/logger.go:44.49,50.2 3 0
gitlab.education.tbank.ru/backend-academy-go-2025/homeworks/link-tracker/internal/bot/application/handler/help.go:9.42,11.20 2 0
gitlab.education.tbank.ru/backend-academy-go-2025/homeworks/link-tracker/internal/bot/application/handler/help.go:11.20,13.3 1 0
gitlab.education.tbank.ru/backend-academy-go-2025/homeworks/link-tracker/internal/bot/application/handler/help.go:15.2,17.25 3 0
gitlab.education.tbank.ru/backend-academy-go-2025/homeworks/link-tracker/internal/bot/application/handler/help.go:17.25,19.3 1 0
gitlab.education.tbank.ru/backend-academy-go-2025/homeworks/link-tracker/internal/bot/application/handler/help.go:20.2,20.19 1 0
gitlab.education.tbank.ru/backend-academy-go-2025/homeworks/link-tracker/internal/bot/application/handler/help.go:24.45,25.23 1 0
gitlab.education.tbank.ru/backend-academy-go-2025/homeworks/link-tracker/internal/bot/application/handler/help.go:25.23,27.3 1 0
gitlab.education.tbank.ru/backend-academy-go-2025/homeworks/link-tracker/internal/bot/application/handler/start.go:3.21,5.2 1 0
gitlab.education.tbank.ru/backend-academy-go-2025/homeworks/link-tracker/internal/bot/application/handler/unknown.go:3.23,5.2 1 0
gitlab.education.tbank.ru/backend-academy-go-2025/homeworks/link-tracker/cmd/bot/main.go:16.13,18.16 2 0
gitlab.education.tbank.ru/backend-academy-go-2025/homeworks/link-tracker/cmd/bot/main.go:18.16,20.3 1 0
gitlab.education.tbank.ru/backend-academy-go-2025/homeworks/link-tracker/cmd/bot/main.go:22.2,26.16 3 0
gitlab.education.tbank.ru/backend-academy-go-2025/homeworks/link-tracker/cmd/bot/main.go:26.16,29.3 1 0
gitlab.education.tbank.ru/backend-academy-go-2025/homeworks/link-tracker/cmd/bot/main.go:30.2,35.37 4 0
gitlab.education.tbank.ru/backend-academy-go-2025/homeworks/link-tracker/cmd/bot/main.go:35.37,38.3 1 0
gitlab.education.tbank.ru/backend-academy-go-2025/homeworks/link-tracker/internal/bot/app.go:20.88,30.2 3 0
gitlab.education.tbank.ru/backend-academy-go-2025/homeworks/link-tracker/internal/bot/app.go:33.46,36.54 2 0
gitlab.education.tbank.ru/backend-academy-go-2025/homeworks/link-tracker/internal/bot/app.go:36.54,39.3 1 0
gitlab.education.tbank.ru/backend-academy-go-2025/homeworks/link-tracker/internal/bot/app.go:41.2,43.27 2 0
gitlab.education.tbank.ru/backend-academy-go-2025/homeworks/link-tracker/internal/bot/app.go:43.27,54.10 6 0
gitlab.education.tbank.ru/backend-academy-go-2025/homeworks/link-tracker/internal/bot/app.go:54.10,55.12 1 0
gitlab.education.tbank.ru/backend-academy-go-2025/homeworks/link-tracker/internal/bot/app.go:58.3,63.49 2 0
gitlab.education.tbank.ru/backend-academy-go-2025/homeworks/link-tracker/internal/bot/app.go:63.49,69.4 2 0
gitlab.education.tbank.ru/backend-academy-go-2025/homeworks/link-tracker/internal/bot/app.go:72.2,72.12 1 0
gitlab.education.tbank.ru/backend-academy-go-2025/homeworks/link-tracker/internal/bot/application/dispatcher/dispatcher.go:20.24,25.2 1 2
gitlab.education.tbank.ru/backend-academy-go-2025/homeworks/link-tracker/internal/bot/application/dispatcher/dispatcher.go:27.71,32.2 1 3
gitlab.education.tbank.ru/backend-academy-go-2025/homeworks/link-tracker/internal/bot/application/dispatcher/dispatcher.go:35.45,38.2 2 0
gitlab.education.tbank.ru/backend-academy-go-2025/homeworks/link-tracker/internal/bot/application/dispatcher/dispatcher.go:41.59,43.9 2 1
gitlab.education.tbank.ru/backend-academy-go-2025/homeworks/link-tracker/internal/bot/application/dispatcher/dispatcher.go:43.9,45.3 1 0
gitlab.education.tbank.ru/backend-academy-go-2025/homeworks/link-tracker/internal/bot/application/dispatcher/dispatcher.go:47.2,47.24 1 1
gitlab.education.tbank.ru/backend-academy-go-2025/homeworks/link-tracker/internal/bot/application/dispatcher/dispatcher.go:51.43,53.2 1 0
gitlab.education.tbank.ru/backend-academy-go-2025/homeworks/link-tracker/internal/bot/application/dispatcher/dispatcher.go:56.48,58.31 2 1
gitlab.education.tbank.ru/backend-academy-go-2025/homeworks/link-tracker/internal/bot/application/dispatcher/dispatcher.go:58.31,63.3 1 2
gitlab.education.tbank.ru/backend-academy-go-2025/homeworks/link-tracker/internal/bot/application/dispatcher/dispatcher.go:64.2,64.12 1 1
gitlab.education.tbank.ru/backend-academy-go-2025/homeworks/link-tracker/internal/bot/application/dispatcher/dispatcher.go:68.68,69.16 1 1
gitlab.education.tbank.ru/backend-academy-go-2025/homeworks/link-tracker/internal/bot/application/dispatcher/dispatcher.go:69.16,71.3 1 0
gitlab.education.tbank.ru/backend-academy-go-2025/homeworks/link-tracker/internal/bot/application/dispatcher/dispatcher.go:73.2,74.13 2 1
gitlab.education.tbank.ru/backend-academy-go-2025/homeworks/link-tracker/internal/bot/application/dispatcher/dispatcher.go:74.13,76.3 1 0
gitlab.education.tbank.ru/backend-academy-go-2025/homeworks/link-tracker/internal/bot/application/dispatcher/dispatcher.go:77.2,77.18 1 1
gitlab.education.tbank.ru/backend-academy-go-2025/homeworks/link-tracker/internal/bot/application/handler/help.go:9.42,11.20 2 0
gitlab.education.tbank.ru/backend-academy-go-2025/homeworks/link-tracker/internal/bot/application/handler/help.go:11.20,13.3 1 0
gitlab.education.tbank.ru/backend-academy-go-2025/homeworks/link-tracker/internal/bot/application/handler/help.go:15.2,17.25 3 0
gitlab.education.tbank.ru/backend-academy-go-2025/homeworks/link-tracker/internal/bot/application/handler/help.go:17.25,19.3 1 0
gitlab.education.tbank.ru/backend-academy-go-2025/homeworks/link-tracker/internal/bot/application/handler/help.go:20.2,20.19 1 0
gitlab.education.tbank.ru/backend-academy-go-2025/homeworks/link-tracker/internal/bot/application/handler/help.go:24.45,25.23 1 1
gitlab.education.tbank.ru/backend-academy-go-2025/homeworks/link-tracker/internal/bot/application/handler/help.go:25.23,27.3 1 0
gitlab.education.tbank.ru/backend-academy-go-2025/homeworks/link-tracker/internal/bot/application/handler/start.go:3.21,5.2 1 1
gitlab.education.tbank.ru/backend-academy-go-2025/homeworks/link-tracker/internal/bot/application/handler/unknown.go:3.23,5.2 1 0
gitlab.education.tbank.ru/backend-academy-go-2025/homeworks/link-tracker/internal/bot/infrastructure/config/config.go:16.41,17.40 1 0
gitlab.education.tbank.ru/backend-academy-go-2025/homeworks/link-tracker/internal/bot/infrastructure/config/config.go:17.40,19.3 1 0
gitlab.education.tbank.ru/backend-academy-go-2025/homeworks/link-tracker/internal/bot/infrastructure/config/config.go:21.2,24.16 3 0
gitlab.education.tbank.ru/backend-academy-go-2025/homeworks/link-tracker/internal/bot/infrastructure/config/config.go:24.16,26.3 1 0
gitlab.education.tbank.ru/backend-academy-go-2025/homeworks/link-tracker/internal/bot/infrastructure/config/config.go:28.2,28.51 1 0
gitlab.education.tbank.ru/backend-academy-go-2025/homeworks/link-tracker/internal/bot/infrastructure/config/config.go:28.51,30.3 1 0
gitlab.education.tbank.ru/backend-academy-go-2025/homeworks/link-tracker/internal/bot/infrastructure/config/config.go:32.2,33.29 2 0
gitlab.education.tbank.ru/backend-academy-go-2025/homeworks/link-tracker/internal/bot/infrastructure/config/config.go:33.29,35.3 1 0
gitlab.education.tbank.ru/backend-academy-go-2025/homeworks/link-tracker/internal/bot/infrastructure/config/config.go:37.2,37.24 1 0
gitlab.education.tbank.ru/backend-academy-go-2025/homeworks/link-tracker/internal/bot/infrastructure/config/config.go:37.24,39.3 1 0
gitlab.education.tbank.ru/backend-academy-go-2025/homeworks/link-tracker/internal/bot/infrastructure/config/config.go:41.2,41.18 1 0
gitlab.education.tbank.ru/backend-academy-go-2025/homeworks/link-tracker/internal/bot/infrastructure/logger/logger.go:18.34,19.21 1 0
gitlab.education.tbank.ru/backend-academy-go-2025/homeworks/link-tracker/internal/bot/infrastructure/logger/logger.go:20.44,21.21 1 0
gitlab.education.tbank.ru/backend-academy-go-2025/homeworks/link-tracker/internal/bot/infrastructure/logger/logger.go:22.10,23.17 1 0
gitlab.education.tbank.ru/backend-academy-go-2025/homeworks/link-tracker/internal/bot/infrastructure/logger/logger.go:28.39,29.14 1 0
gitlab.education.tbank.ru/backend-academy-go-2025/homeworks/link-tracker/internal/bot/infrastructure/logger/logger.go:30.19,31.31 1 0
gitlab.education.tbank.ru/backend-academy-go-2025/homeworks/link-tracker/internal/bot/infrastructure/logger/logger.go:32.18,33.30 1 0
gitlab.education.tbank.ru/backend-academy-go-2025/homeworks/link-tracker/internal/bot/infrastructure/logger/logger.go:34.18,35.30 1 0
gitlab.education.tbank.ru/backend-academy-go-2025/homeworks/link-tracker/internal/bot/infrastructure/logger/logger.go:36.19,37.31 1 0
gitlab.education.tbank.ru/backend-academy-go-2025/homeworks/link-tracker/internal/bot/infrastructure/logger/logger.go:38.13,39.30 1 0
gitlab.education.tbank.ru/backend-academy-go-2025/homeworks/link-tracker/internal/bot/infrastructure/logger/logger.go:44.49,50.2 3 0
gitlab.education.tbank.ru/backend-academy-go-2025/homeworks/link-tracker/internal/bot/infrastructure/telegram/client.go:19.78,21.16 2 0
gitlab.education.tbank.ru/backend-academy-go-2025/homeworks/link-tracker/internal/bot/infrastructure/telegram/client.go:21.16,23.3 1 0
gitlab.education.tbank.ru/backend-academy-go-2025/homeworks/link-tracker/internal/bot/infrastructure/telegram/client.go:25.2,28.8 1 0
gitlab.education.tbank.ru/backend-academy-go-2025/homeworks/link-tracker/internal/bot/infrastructure/telegram/client.go:38.69,42.25 3 0
gitlab.education.tbank.ru/backend-academy-go-2025/homeworks/link-tracker/internal/bot/infrastructure/telegram/client.go:42.25,47.3 1 0
gitlab.education.tbank.ru/backend-academy-go-2025/homeworks/link-tracker/internal/bot/infrastructure/telegram/client.go:49.2,51.12 3 0
gitlab.education.tbank.ru/backend-academy-go-2025/homeworks/link-tracker/internal/bot/infrastructure/telegram/client.go:55.81,62.15 5 0
gitlab.education.tbank.ru/backend-academy-go-2025/homeworks/link-tracker/internal/bot/infrastructure/telegram/client.go:62.15,66.7 3 0
gitlab.education.tbank.ru/backend-academy-go-2025/homeworks/link-tracker/internal/bot/infrastructure/telegram/client.go:66.7,67.11 1 0
gitlab.education.tbank.ru/backend-academy-go-2025/homeworks/link-tracker/internal/bot/infrastructure/telegram/client.go:68.23,69.11 1 0
gitlab.education.tbank.ru/backend-academy-go-2025/homeworks/link-tracker/internal/bot/infrastructure/telegram/client.go:70.33,71.12 1 0
gitlab.education.tbank.ru/backend-academy-go-2025/homeworks/link-tracker/internal/bot/infrastructure/telegram/client.go:71.12,73.6 1 0
gitlab.education.tbank.ru/backend-academy-go-2025/homeworks/link-tracker/internal/bot/infrastructure/telegram/client.go:75.5,76.12 2 0
gitlab.education.tbank.ru/backend-academy-go-2025/homeworks/link-tracker/internal/bot/infrastructure/telegram/client.go:77.30,77.30 0 0
gitlab.education.tbank.ru/backend-academy-go-2025/homeworks/link-tracker/internal/bot/infrastructure/telegram/client.go:78.23,79.12 1 0
gitlab.education.tbank.ru/backend-academy-go-2025/homeworks/link-tracker/internal/bot/infrastructure/telegram/client.go:85.5,85.21 1 0
gitlab.education.tbank.ru/backend-academy-go-2025/homeworks/link-tracker/internal/bot/infrastructure/telegram/client.go:89.77,90.27 1 0
gitlab.education.tbank.ru/backend-academy-go-2025/homeworks/link-tracker/internal/bot/infrastructure/telegram/client.go:90.27,99.22 3 0
gitlab.education.tbank.ru/backend-academy-go-2025/homeworks/link-tracker/internal/bot/infrastructure/telegram/client.go:99.22,101.4 1 0
gitlab.education.tbank.ru/backend-academy-go-2025/homeworks/link-tracker/internal/bot/infrastructure/telegram/client.go:103.3,103.15 1 0
gitlab.education.tbank.ru/backend-academy-go-2025/homeworks/link-tracker/internal/bot/infrastructure/telegram/client.go:106.2,106.12 1 0
gitlab.education.tbank.ru/backend-academy-go-2025/homeworks/link-tracker/internal/bot/infrastructure/telegram/client.go:110.63,114.2 3 0
